<?xml version="1.0" encoding="UTF-8" ?>
<testsuite tests="25" failures="0" name="com.capgemini.xcorps.service.MovieControllerTest" time="0.069" errors="0" skipped="0">
  <properties>
    <property name="java.runtime.name" value="Java(TM) SE Runtime Environment"/>
    <property name="java.vm.version" value="11.0.11+9-LTS-194"/>
    <property name="sun.boot.library.path" value="C:\Program Files\Java\jdk-11.0.11\bin"/>
    <property name="maven.multiModuleProjectDirectory" value="C:\Users\br1\OneDrive - Capgemini\Desktop\Xcorps materials\Movie Ticket Booking System\movie-ticket-booking-system"/>
    <property name="java.vm.vendor" value="Oracle Corporation"/>
    <property name="java.vendor.url" value="https://openjdk.java.net/"/>
    <property name="guice.disable.misplaced.annotation.check" value="true"/>
    <property name="path.separator" value=";"/>
    <property name="java.vm.name" value="Java HotSpot(TM) 64-Bit Server VM"/>
    <property name="sun.os.patch.level" value=""/>
    <property name="user.script" value=""/>
    <property name="user.country" value="IN"/>
    <property name="sun.java.launcher" value="SUN_STANDARD"/>
    <property name="java.vm.specification.name" value="Java Virtual Machine Specification"/>
    <property name="user.dir" value="C:\Users\br1\OneDrive - Capgemini\Desktop\Xcorps materials\Movie Ticket Booking System\movie-ticket-booking-system"/>
    <property name="java.vm.compressedOopsMode" value="32-bit"/>
    <property name="java.runtime.version" value="11.0.11+9-LTS-194"/>
    <property name="java.awt.graphicsenv" value="sun.awt.Win32GraphicsEnvironment"/>
    <property name="os.arch" value="amd64"/>
    <property name="java.io.tmpdir" value="C:\Users\br1\AppData\Local\Temp\"/>
    <property name="line.separator" value="
"/>
    <property name="java.vm.specification.vendor" value="Oracle Corporation"/>
    <property name="user.variant" value=""/>
    <property name="os.name" value="Windows 10"/>
    <property name="classworlds.conf" value="C:\Program Files\apache-maven-3.8.4\bin\m2.conf"/>
    <property name="sun.jnu.encoding" value="Cp1252"/>
    <property name="java.library.path" value="C:\Program Files\Java\jdk-11.0.11\bin;C:\WINDOWS\Sun\Java\bin;C:\WINDOWS\system32;C:\WINDOWS;C:\Program Files\Common Files\Oracle\Java\javapath;C:\Program Files (x86)\Common Files\Oracle\Java\javapath;C:\WINDOWS\system32;C:\WINDOWS;C:\WINDOWS\System32\Wbem;C:\WINDOWS\System32\WindowsPowerShell\v1.0\;C:\WINDOWS\System32\OpenSSH\;C:\Program Files\OpenJDK12\Bin;C:\Program Files\nodejs\;C:\Program Files\Git\cmd;C:\Program Files\TortoiseGit\bin;C:\Users\br1\AppData\Local\Microsoft\WindowsApps;C:\Users\br1\AppData\Local\Programs\Microsoft VS Code\bin;C:\Program Files\Java\jdk1.8.0_301\bin;C:\Program Files\apache-maven-3.8.4\bin;;."/>
    <property name="maven.conf" value="C:\Program Files\apache-maven-3.8.4/conf"/>
    <property name="jdk.debug" value="release"/>
    <property name="java.class.version" value="55.0"/>
    <property name="java.specification.name" value="Java Platform API Specification"/>
    <property name="sun.management.compiler" value="HotSpot 64-Bit Tiered Compilers"/>
    <property name="os.version" value="10.0"/>
    <property name="library.jansi.path" value="C:\Program Files\apache-maven-3.8.4\lib\jansi-native"/>
    <property name="user.home" value="C:\Users\br1"/>
    <property name="user.timezone" value="Asia/Calcutta"/>
    <property name="java.awt.printerjob" value="sun.awt.windows.WPrinterJob"/>
    <property name="file.encoding" value="Cp1252"/>
    <property name="java.specification.version" value="11"/>
    <property name="user.name" value="br1"/>
    <property name="java.class.path" value="C:\Program Files\apache-maven-3.8.4\boot\plexus-classworlds-2.6.0.jar"/>
    <property name="java.vm.specification.version" value="11"/>
    <property name="sun.arch.data.model" value="64"/>
    <property name="sun.java.command" value="org.codehaus.plexus.classworlds.launcher.Launcher clean install"/>
    <property name="java.home" value="C:\Program Files\Java\jdk-11.0.11"/>
    <property name="user.language" value="en"/>
    <property name="java.specification.vendor" value="Oracle Corporation"/>
    <property name="awt.toolkit" value="sun.awt.windows.WToolkit"/>
    <property name="java.vm.info" value="mixed mode"/>
    <property name="java.version" value="11.0.11"/>
    <property name="java.vendor" value="Oracle Corporation"/>
    <property name="sun.stderr.encoding" value="cp437"/>
    <property name="maven.home" value="C:\Program Files\apache-maven-3.8.4"/>
    <property name="file.separator" value="\"/>
    <property name="java.version.date" value="2021-04-20"/>
    <property name="java.vendor.url.bug" value="https://bugreport.java.com/bugreport/"/>
    <property name="sun.io.unicode.encoding" value="UnicodeLittle"/>
    <property name="sun.cpu.endian" value="little"/>
    <property name="java.vendor.version" value="18.9"/>
    <property name="sun.stdout.encoding" value="cp437"/>
    <property name="sun.desktop" value="windows"/>
    <property name="sun.cpu.isalist" value="amd64"/>
  </properties>
  <testcase classname="com.capgemini.xcorps.service.MovieControllerTest" name="movieTheatresNotNullTest" time="0.033"/>
  <testcase classname="com.capgemini.xcorps.service.MovieControllerTest" name="cityTheatresNotNullTest" time="0.001"/>
  <testcase classname="com.capgemini.xcorps.service.MovieControllerTest" name="cityTheatresValueCheckTest" time="0.002"/>
  <testcase classname="com.capgemini.xcorps.service.MovieControllerTest" name="particularTheatreMoviesTest" time="0"/>
  <testcase classname="com.capgemini.xcorps.service.MovieControllerTest" name="movieShowTimesTest" time="0.003"/>
  <testcase classname="com.capgemini.xcorps.service.MovieControllerTest" name="theaterMoviesTest" time="0.003"/>
  <testcase classname="com.capgemini.xcorps.service.MovieControllerTest" name="particularCityTheatresTest" time="0"/>
  <testcase classname="com.capgemini.xcorps.service.MovieControllerTest" name="movieRatingNotNullTest" time="0.004"/>
  <testcase classname="com.capgemini.xcorps.service.MovieControllerTest" name="particularMovieTheatresTest1" time="0"/>
  <testcase classname="com.capgemini.xcorps.service.MovieControllerTest" name="particularCityTheatresNotNullTest" time="0"/>
  <testcase classname="com.capgemini.xcorps.service.MovieControllerTest" name="cityTheatreMoviesValueCheckTest" time="0.001"/>
  <testcase classname="com.capgemini.xcorps.service.MovieControllerTest" name="movieRatingTest" time="0.003"/>
  <testcase classname="com.capgemini.xcorps.service.MovieControllerTest" name="theatreMoviesNotNullTest" time="0.002"/>
  <testcase classname="com.capgemini.xcorps.service.MovieControllerTest" name="cityTheatresTest" time="0.002"/>
  <testcase classname="com.capgemini.xcorps.service.MovieControllerTest" name="particularCityTheatresTest1" time="0"/>
  <testcase classname="com.capgemini.xcorps.service.MovieControllerTest" name="movieTheatresValueCheckTest" time="0.003"/>
  <testcase classname="com.capgemini.xcorps.service.MovieControllerTest" name="movieTheatresTest" time="0.002"/>
  <testcase classname="com.capgemini.xcorps.service.MovieControllerTest" name="particularTheatreMoviesTest1" time="0"/>
  <testcase classname="com.capgemini.xcorps.service.MovieControllerTest" name="theatreMoviesValueCheckTest" time="0.002"/>
  <testcase classname="com.capgemini.xcorps.service.MovieControllerTest" name="moviesRatingValueCheckTest" time="0.003"/>
  <testcase classname="com.capgemini.xcorps.service.MovieControllerTest" name="particularMovieTheatresTest" time="0"/>
  <testcase classname="com.capgemini.xcorps.service.MovieControllerTest" name="particularCityTheatreMoviesTest1" time="0"/>
  <testcase classname="com.capgemini.xcorps.service.MovieControllerTest" name="cityTheatreMoviesTest" time="0.002"/>
  <testcase classname="com.capgemini.xcorps.service.MovieControllerTest" name="cityTheatreMoviesNotNullTest" time="0.002"/>
  <testcase classname="com.capgemini.xcorps.service.MovieControllerTest" name="moviesRatingNotNullTest" time="0.001"/>
</testsuite>